****************************************************************************************
This is a development tool for Scully applications.
You can ignore the warning (TLS) or run scully with --no-warning
****************************************************************************************
Could not fetch data for route "[33m/talks/:talkid[39m"
Error during file write
Error: ENOENT: no such file or directory, mkdir 'C:\Development\private\dutch-angular-group\dist\static\talks\:talkid'****************************************************************************************
This is a development tool for Scully applications.
You can ignore the warning (TLS) or run scully with --no-warning
****************************************************************************************
****************************************************************************************
This is a development tool for Scully applications.
You can ignore the warning (TLS) or run scully with --no-warning
****************************************************************************************
Could not fetch data for route "[33m/talks/:talkid[39m"
Error during file write
Error: ENOENT: no such file or directory, mkdir 'C:\Development\private\dutch-angular-group\dist\static\talks\:talkid'****************************************************************************************
This is a development tool for Scully applications.
You can ignore the warning (TLS) or run scully with --no-warning
****************************************************************************************
Could not fetch data for route "[33m/talks/:talkid[39m"
Error during file write
Error: ENOENT: no such file or directory, mkdir 'C:\Development\private\dutch-angular-group\dist\static\talks\:talkid'****************************************************************************************
This is a development tool for Scully applications.
You can ignore the warning (TLS) or run scully with --no-warning
****************************************************************************************
Could not fetch data for route "[33m/talks/:talkid[39m"
Error during file write
Error: ENOENT: no such file or directory, mkdir 'C:\Development\private\dutch-angular-group\dist\static\talks\:talkid'****************************************************************************************
This is a development tool for Scully applications.
You can ignore the warning (TLS) or run scully with --no-warning
****************************************************************************************
Could not fetch data for route "[33m/talks/:talkid[39m"
Error during file write
Error: ENOENT: no such file or directory, mkdir 'C:\Development\private\dutch-angular-group\dist\static\talks\:talkid'****************************************************************************************
This is a development tool for Scully applications.
You can ignore the warning (TLS) or run scully with --no-warning
****************************************************************************************
****************************************************************************************
This is a development tool for Scully applications.
You can ignore the warning (TLS) or run scully with --no-warning
****************************************************************************************
****************************************************************************************
This is a development tool for Scully applications.
You can ignore the warning (TLS) or run scully with --no-warning
****************************************************************************************
****************************************************************************************
This is a development tool for Scully applications.
You can ignore the warning (TLS) or run scully with --no-warning
****************************************************************************************
****************************************************************************************
This is a development tool for Scully applications.
You can ignore the warning (TLS) or run scully with --no-warning
****************************************************************************************
****************************************************************************************
This is a development tool for Scully applications.
You can ignore the warning (TLS) or run scully with --no-warning
****************************************************************************************
****************************************************************************************
This is a development tool for Scully applications.
You can ignore the warning (TLS) or run scully with --no-warning
****************************************************************************************
